OpenJDK 64-Bit Server VM warning: Option UseConcMarkSweepGC was deprecated in version 9.0 and will likely be removed in a future release.
WARNING: An illegal reflective access operation has occurred
WARNING: Illegal reflective access by com.intellij.util.ReflectionUtil to method sun.java2d.SunGraphicsEnvironment.isUIScaleEnabled()
WARNING: Please consider reporting this to the maintainers of com.intellij.util.ReflectionUtil
WARNING: Use --illegal-access=warn to enable warnings of further illegal reflective access operations
WARNING: All illegal access operations will be denied in a future release
2021-08-31 21:28:28,827 [   2047]   WARN - llij.ide.plugins.PluginManager - Plugin "NodeJS" is incompatible (until build 191.SNAPSHOT < IU-193.6494.35) 
2021-08-31 21:28:29,452 [   2672]   WARN - llij.ide.plugins.PluginManager - Plugin "NodeJS" is incompatible (until build 191.SNAPSHOT < IU-193.6494.35) 
2021-08-31 21:28:30,768 [   3988]   WARN - s.impl.EditorColorsManagerImpl - Cannot find scheme: VibrantInk from plugin: com.intellij.database 
2021-08-31 21:28:30,768 [   3988]   WARN - s.impl.EditorColorsManagerImpl - Cannot find scheme: WarmNeon from plugin: com.intellij.database 
2021-08-31 21:28:31,301 [   4521]   WARN - llij.ide.plugins.PluginManager - Plugin "W3C Validators" is incompatible (since build 193.6911 > IU-193.6494.35) 
2021-08-31 21:28:31,302 [   4522]   WARN - llij.ide.plugins.PluginManager - Plugin "CVS" is incompatible (since build 193.6911 > IU-193.6494.35) 
2021-08-31 21:28:31,302 [   4522]   WARN - llij.ide.plugins.PluginManager - Plugin "Subversion" is incompatible (since build 193.7288 > IU-193.6494.35) 
2021-08-31 21:28:31,302 [   4522]   WARN - llij.ide.plugins.PluginManager - Plugin "ChangeReminder" is incompatible (since build 193.6911 > IU-193.6494.35) 
2021-08-31 21:28:31,302 [   4522]   WARN - llij.ide.plugins.PluginManager - Plugin "Git" is incompatible (since build 193.6911 > IU-193.6494.35) 
2021-08-31 21:28:31,304 [   4524]   WARN - llij.ide.plugins.PluginManager - Plugin "PHP Remote Interpreter" is incompatible (since build 193.6911 > IU-193.6494.35) 
2021-08-31 21:28:31,305 [   4525]   WARN - llij.ide.plugins.PluginManager - Plugin "PHP Docker" is incompatible (since build 193.6911 > IU-193.6494.35) 
2021-08-31 21:28:31,306 [   4526]   WARN - llij.ide.plugins.PluginManager - Plugin "Task Management" is incompatible (since build 193.6911 > IU-193.6494.35) 
2021-08-31 21:28:31,306 [   4526]   WARN - llij.ide.plugins.PluginManager - Plugin "Time Tracking" is incompatible (since build 193.6911 > IU-193.6494.35) 
2021-08-31 21:28:31,306 [   4526]   WARN - llij.ide.plugins.PluginManager - Plugin "toLower" is incompatible (since build 193.6911 > IU-193.6494.35) 
2021-08-31 21:28:31,307 [   4527]   WARN - llij.ide.plugins.PluginManager - Plugin "Android Resource Value Viewer" is incompatible (since build 193.6911 > IU-193.6494.35) 
2021-08-31 21:28:31,307 [   4527]   WARN - llij.ide.plugins.PluginManager - Plugin "Flyme" is incompatible (since build 193.6911 > IU-193.6494.35) 
2021-08-31 21:28:31,307 [   4527]   WARN - llij.ide.plugins.PluginManager - Plugin "React-class-style-to-css" is incompatible (since build 193.6911 > IU-193.6494.35) 
2021-08-31 21:28:31,308 [   4528]   WARN - llij.ide.plugins.PluginManager - Plugin "MarkDownNoteYYF" is incompatible (since build 193.7288.26 > IU-193.6494.35) 
2021-08-31 21:28:31,309 [   4529]   WARN - llij.ide.plugins.PluginManager - Plugin "TeamCity" is incompatible (since build 193.7288 > IU-193.6494.35) 
2021-08-31 21:28:31,309 [   4529]   WARN - llij.ide.plugins.PluginManager - Plugin "Command Line Tool" is incompatible (since build 193.6911 > IU-193.6494.35) 
2021-08-31 21:28:31,309 [   4529]   WARN - llij.ide.plugins.PluginManager - Plugin "Docker" is incompatible (since build 193.6911 > IU-193.6494.35) 
2021-08-31 21:28:31,309 [   4529]   WARN - llij.ide.plugins.PluginManager - Plugin "Gherkin" is incompatible (since build 193.6911 > IU-193.6494.35) 
2021-08-31 21:28:31,310 [   4530]   WARN - llij.ide.plugins.PluginManager - Plugin "redis simple" is incompatible (since build 193.6911 > IU-193.6494.35) 
2021-08-31 21:28:31,310 [   4530]   WARN - llij.ide.plugins.PluginManager - Plugin "Orion - Artemis Programming Exercise Integration" is incompatible (since build 193.6911 > IU-193.6494.35) 
2021-08-31 21:28:31,310 [   4530]   WARN - llij.ide.plugins.PluginManager - Plugin "Node.js Remote Interpreter" is incompatible (since build 193.6911 > IU-193.6494.35) 
2021-08-31 21:28:31,311 [   4531]   WARN - llij.ide.plugins.PluginManager - Plugin "FTP/SFTP Connectivity (ex. Remote Hosts Access)" is incompatible (since build 193.6911 > IU-193.6494.35) 
2021-08-31 21:28:31,311 [   4531]   WARN - llij.ide.plugins.PluginManager - Plugin "TextMate Bundles" is incompatible (since build 193.6911 > IU-193.6494.35) 
2021-08-31 21:28:31,312 [   4532]   WARN - llij.ide.plugins.PluginManager - Plugin "IDETalk" is incompatible (since build 193.6911 > IU-193.6494.35) 
2021-08-31 21:28:31,312 [   4532]   WARN - llij.ide.plugins.PluginManager - Plugin "Settings Repository" is incompatible (since build 193.6911 > IU-193.6494.35) 
2021-08-31 21:28:31,312 [   4532]   WARN - llij.ide.plugins.PluginManager - Plugin "XSLT Debugger" is incompatible (since build 193.6911 > IU-193.6494.35) 
2021-08-31 21:28:31,312 [   4532]   WARN - llij.ide.plugins.PluginManager - Plugin "XPathView + XSLT" is incompatible (since build 193.6911 > IU-193.6494.35) 
2021-08-31 21:28:31,312 [   4532]   WARN - llij.ide.plugins.PluginManager - Plugin "Live Edit" is incompatible (since build 193.6911 > IU-193.6494.35) 
2021-08-31 21:28:31,313 [   4533]   WARN - llij.ide.plugins.PluginManager - Plugin "Polymer & Web Components" is incompatible (since build 193.6911 > IU-193.6494.35) 
2021-08-31 21:28:31,313 [   4533]   WARN - llij.ide.plugins.PluginManager - Plugin "Meteor" is incompatible (since build 193.6911 > IU-193.6494.35) 
2021-08-31 21:28:31,313 [   4533]   WARN - llij.ide.plugins.PluginManager - Plugin "Prettier" is incompatible (since build 193.6911 > IU-193.6494.35) 
2021-08-31 21:28:31,313 [   4533]   WARN - llij.ide.plugins.PluginManager - Plugin "Angular and AngularJS" is incompatible (since build 193.7288 > IU-193.6494.35) 
2021-08-31 21:28:31,313 [   4533]   WARN - llij.ide.plugins.PluginManager - Plugin "Drupal" is incompatible (since build 193.6911 > IU-193.6494.35) 
2021-08-31 21:28:31,313 [   4533]   WARN - llij.ide.plugins.PluginManager - Plugin "Cucumber.js" is incompatible (since build 193.6911 > IU-193.6494.35) 
2021-08-31 21:28:31,313 [   4533]   WARN - llij.ide.plugins.PluginManager - Plugin "WordPress" is incompatible (since build 193.6911 > IU-193.6494.35) 
2021-08-31 21:28:31,313 [   4533]   WARN - llij.ide.plugins.PluginManager - Plugin "Cordova" is incompatible (since build 193.7288 > IU-193.6494.35) 
2021-08-31 21:28:31,314 [   4534]   WARN - llij.ide.plugins.PluginManager - Plugin "Behat Support" is incompatible (since build 193.6911 > IU-193.6494.35) 
2021-08-31 21:28:31,314 [   4534]   WARN - llij.ide.plugins.PluginManager - Plugin "Chef" is incompatible (since build 193.6911 > IU-193.6494.35) 
2021-08-31 21:28:31,314 [   4534]   WARN - llij.ide.plugins.PluginManager - Plugin "Blade" is incompatible (since build 193.6911 > IU-193.6494.35) 
2021-08-31 21:28:31,314 [   4534]   WARN - llij.ide.plugins.PluginManager - Plugin "Yeoman" is incompatible (since build 193.6911 > IU-193.6494.35) 
2021-08-31 21:28:31,314 [   4534]   WARN - llij.ide.plugins.PluginManager - Plugin "Joomla!" is incompatible (since build 193.6911 > IU-193.6494.35) 
2021-08-31 21:28:31,314 [   4534]   WARN - llij.ide.plugins.PluginManager - Plugin "libGDX" is incompatible (since build 193.6911 > IU-193.6494.35) 
2021-08-31 21:28:31,314 [   4534]   WARN - llij.ide.plugins.PluginManager - Plugin "PHPSpec BDD Framework" is incompatible (since build 193.6911 > IU-193.6494.35) 
2021-08-31 21:28:31,314 [   4534]   WARN - llij.ide.plugins.PluginManager - Plugin "Vue.js" is incompatible (since build 193.6911 > IU-193.6494.35) 
2021-08-31 21:28:31,314 [   4534]   WARN - llij.ide.plugins.PluginManager - Plugin "MDW Studio" is incompatible (since build 193.6911 > IU-193.6494.35) 
2021-08-31 21:28:31,315 [   4535]   WARN - llij.ide.plugins.PluginManager - Plugin "jmh-generator" is incompatible (since build 193.6911 > IU-193.6494.35) 
2021-08-31 21:28:31,315 [   4535]   WARN - llij.ide.plugins.PluginManager - Plugin "Python" is incompatible (since build 193.7288 > IU-193.6494.35) 
2021-08-31 21:28:31,315 [   4535]   WARN - llij.ide.plugins.PluginManager - Plugin "Ruby" is incompatible (since build 193.7288 > IU-193.6494.35) 
2021-08-31 21:28:31,315 [   4535]   WARN - llij.ide.plugins.PluginManager - Plugin "CoffeeScript" is incompatible (since build 193.6911 > IU-193.6494.35) 
2021-08-31 21:28:31,315 [   4535]   WARN - llij.ide.plugins.PluginManager - Plugin "Apache config (.htaccess)" is incompatible (since build 193.6911 > IU-193.6494.35) 
2021-08-31 21:28:31,315 [   4535]   WARN - llij.ide.plugins.PluginManager - Plugin "Handlebars/Mustache" is incompatible (since build 193.7288 > IU-193.6494.35) 
2021-08-31 21:28:31,315 [   4535]   WARN - llij.ide.plugins.PluginManager - Plugin "Ini" is incompatible (since build 193.6911 > IU-193.6494.35) 
2021-08-31 21:28:31,316 [   4536]   WARN - llij.ide.plugins.PluginManager - Plugin "Pug (ex-Jade)" is incompatible (since build 193.6911 > IU-193.6494.35) 
2021-08-31 21:28:31,316 [   4536]   WARN - llij.ide.plugins.PluginManager - Plugin "GNU GetText files support (*.po)" is incompatible (since build 193.6911 > IU-193.6494.35) 
2021-08-31 21:28:31,316 [   4536]   WARN - llij.ide.plugins.PluginManager - Plugin "ReStructuredText" is incompatible (since build 193.6911 > IU-193.6494.35) 
2021-08-31 21:28:31,316 [   4536]   WARN - llij.ide.plugins.PluginManager - Plugin "Slim" is incompatible (since build 193.6911 > IU-193.6494.35) 
2021-08-31 21:28:31,316 [   4536]   WARN - llij.ide.plugins.PluginManager - Plugin "Puppet" is incompatible (since build 193.6911 > IU-193.6494.35) 
2021-08-31 21:28:31,316 [   4536]   WARN - llij.ide.plugins.PluginManager - Plugin "EJS" is incompatible (since build 193.6911 > IU-193.6494.35) 
2021-08-31 21:28:31,316 [   4536]   WARN - llij.ide.plugins.PluginManager - Plugin "Twig" is incompatible (since build 193.6911 > IU-193.6494.35) 
2021-08-31 21:28:31,316 [   4536]   WARN - llij.ide.plugins.PluginManager - Plugin "Stylus" is incompatible (since build 193.6911 > IU-193.6494.35) 
2021-08-31 21:28:31,316 [   4536]   WARN - llij.ide.plugins.PluginManager - Plugin "PostCSS" is incompatible (since build 193.6911 > IU-193.6494.35) 
2021-08-31 21:28:31,316 [   4536]   WARN - llij.ide.plugins.PluginManager - Plugin "Flutter" is incompatible (since build 193.6911 > IU-193.6494.35) 
2021-08-31 21:28:31,317 [   4537]   WARN - llij.ide.plugins.PluginManager - Plugin "DataWeave 2.0." is incompatible (since build 193.7288.26 > IU-193.6494.35) 
2021-08-31 21:28:31,317 [   4537]   WARN - llij.ide.plugins.PluginManager - Plugin "DQL" is incompatible (since build 193.6911 > IU-193.6494.35) 
2021-08-31 21:28:31,317 [   4537]   WARN - llij.ide.plugins.PluginManager - Plugin "Sass" is incompatible (since build 193.6911 > IU-193.6494.35) 
2021-08-31 21:28:31,317 [   4537]   WARN - llij.ide.plugins.PluginManager - Plugin "Less" is incompatible (since build 193.6911 > IU-193.6494.35) 
2021-08-31 21:28:31,317 [   4537]   WARN - llij.ide.plugins.PluginManager - Plugin "Properties" is incompatible (since build 193.6911 > IU-193.6494.35) 
2021-08-31 21:28:31,317 [   4537]   WARN - llij.ide.plugins.PluginManager - Plugin "PHPT Support" is incompatible (since build 193.6911 > IU-193.6494.35) 
2021-08-31 21:28:31,317 [   4537]   WARN - llij.ide.plugins.PluginManager - Plugin "Prolog" is incompatible (since build 193.6911 > IU-193.6494.35) 
2021-08-31 21:28:31,317 [   4537]   WARN - llij.ide.plugins.PluginManager - Plugin "Node.js" is incompatible (since build 193.6911 > IU-193.6494.35) 
2021-08-31 21:28:31,318 [   4538]   WARN - llij.ide.plugins.PluginManager - Plugin "Spy-js" is incompatible (since build 193.6911 > IU-193.6494.35) 
2021-08-31 21:28:31,318 [   4538]   WARN - llij.ide.plugins.PluginManager - Plugin "JSON Prettify" is incompatible (since build 193.6911 > IU-193.6494.35) 
2021-08-31 21:28:31,318 [   4538]   WARN - llij.ide.plugins.PluginManager - Plugin "Requirements" is incompatible (since build 193.7288 > IU-193.6494.35) 
2021-08-31 21:28:31,319 [   4539]   WARN - llij.ide.plugins.PluginManager - Plugin "Karma" is incompatible (since build 193.6911 > IU-193.6494.35) 
2021-08-31 21:28:31,319 [   4539]   WARN - llij.ide.plugins.PluginManager - Plugin "Mockito Postfix Completion" is incompatible (since build 193.7288.26 > IU-193.6494.35) 
2021-08-31 21:28:31,319 [   4539]   WARN - llij.ide.plugins.PluginManager - Plugin "Phing" is incompatible (since build 193.7288 > IU-193.6494.35) 
2021-08-31 21:28:31,319 [   4539]   WARN - llij.ide.plugins.PluginManager - Plugin "File Watchers" is incompatible (since build 193.6911 > IU-193.6494.35) 
2021-08-31 21:28:31,319 [   4539]   WARN - llij.ide.plugins.PluginManager - Plugin "Gradle" is incompatible (since build 193.7288 > IU-193.6494.35) 
2021-08-31 21:28:31,320 [   4540]   WARN - llij.ide.plugins.PluginManager - Plugin "FlutterAssetAutoCompletion" is incompatible (since build 193.6911 > IU-193.6494.35) 
2021-08-31 21:28:31,320 [   4540]   WARN - llij.ide.plugins.PluginManager - Plugin "Codeception Framework" is incompatible (since build 193.6911 > IU-193.6494.35) 
2021-08-31 21:28:31,320 [   4540]   WARN - llij.ide.plugins.PluginManager - Plugin "PHP" is incompatible (since build 193.7288 > IU-193.6494.35) 
2021-08-31 21:28:31,320 [   4540]   WARN - llij.ide.plugins.PluginManager - Plugin "Hunspell" is incompatible (since build 193.6911 > IU-193.6494.35) 
2021-08-31 21:28:31,321 [   4541]   WARN - llij.ide.plugins.PluginManager - Plugin "PHP Markdown Integration" is incompatible (since build 193.6911 > IU-193.6494.35) 
2021-08-31 21:28:31,321 [   4541]   WARN - llij.ide.plugins.PluginManager - Plugin "Sensei - Code Reviews" is incompatible (since build 193.6911.18 > IU-193.6494.35) 
2021-08-31 21:28:31,321 [   4541]   WARN - llij.ide.plugins.PluginManager - Plugin "Kubernetes" is incompatible (since build 193.7288 > IU-193.6494.35) 
2021-08-31 21:28:31,321 [   4541]   WARN - llij.ide.plugins.PluginManager - Plugin "Performance Testing" is incompatible (since build 193.6911 > IU-193.6494.35) 
2021-08-31 21:28:31,321 [   4541]   WARN - llij.ide.plugins.PluginManager - Plugin "IntelliJ IDEA Help" is incompatible (since build 193.7288 > IU-193.6494.35) 
2021-08-31 21:28:31,322 [   4542]   WARN - llij.ide.plugins.PluginManager - Plugin "Copyright" is incompatible (since build 193.6911 > IU-193.6494.35) 
2021-08-31 21:28:31,322 [   4542]   WARN - llij.ide.plugins.PluginManager - Plugin "Refactor-X" is incompatible (since build 193.6911 > IU-193.6494.35) 
2021-08-31 21:28:31,322 [   4542]   WARN - llij.ide.plugins.PluginManager - Plugin "PhpStorm Workshop" is incompatible (since build 193.6911 > IU-193.6494.35) 
2021-08-31 21:28:31,322 [   4542]   WARN - llij.ide.plugins.PluginManager - Plugin "Native Debugging Support" is incompatible (since build 193.6911 > IU-193.6494.35) 
2021-08-31 21:28:31,322 [   4542]   WARN - llij.ide.plugins.PluginManager - Plugin "SQLScout (SQLite Support)" is incompatible (since build 193.6911 > IU-193.6494.35) 
2021-08-31 21:28:31,322 [   4542]   WARN - llij.ide.plugins.PluginManager - Plugin "RouterGo" is incompatible (since build 193.6911 > IU-193.6494.35) 
2021-08-31 21:28:31,322 [   4542]   WARN - llij.ide.plugins.PluginManager - Plugin "Android Resource Tool" is incompatible (since build 193.6911 > IU-193.6494.35) 
2021-08-31 21:28:31,323 [   4543]   WARN - llij.ide.plugins.PluginManager - Plugin "LocallyDynamic" is incompatible (since build 193.6911 > IU-193.6494.35) 
2021-08-31 21:28:31,323 [   4543]   WARN - llij.ide.plugins.PluginManager - Plugin "JDD JDPaySDK" is incompatible (since build 193.6911 > IU-193.6494.35) 
2021-08-31 21:28:31,323 [   4543]   WARN - llij.ide.plugins.PluginManager - Plugin "GloballyDynamic" is incompatible (since build 193.6911 > IU-193.6494.35) 
2021-08-31 21:28:31,323 [   4543]   WARN - llij.ide.plugins.PluginManager - Plugin "AndroidAsyncStackTrace" is incompatible (since build 193.6911 > IU-193.6494.35) 
2021-08-31 21:28:31,323 [   4543]   WARN - llij.ide.plugins.PluginManager - Plugin "ReSharper Keymap" is incompatible (since build 193.6911 > IU-193.6494.35) 
2021-08-31 21:28:31,323 [   4543]   WARN - llij.ide.plugins.PluginManager - Plugin "Xcode Keymap" is incompatible (since build 193.6911 > IU-193.6494.35) 
2021-08-31 21:28:33,724 [   6944]   WARN - llij.ide.plugins.PluginManager - Plugin "Live Edit" is incompatible (since build 193.6911 > IU-193.6494.35) 
2021-08-31 21:28:33,725 [   6945]   WARN - llij.ide.plugins.PluginManager - Plugin "Flutter" is incompatible (since build 193.6911 > IU-193.6494.35) 
2021-08-31 21:28:44,171 [  17391]   WARN - util.DeprecatedMethodException - This method in class com.intellij.util.containers.SoftHashMap is deprecated and going to be removed soon. Use ContainerUtil.createSoftMap() instead 
com.intellij.util.DeprecatedMethodException: This method in class com.intellij.util.containers.SoftHashMap is deprecated and going to be removed soon. Use ContainerUtil.createSoftMap() instead
	at com.intellij.util.DeprecatedMethodException.report(DeprecatedMethodException.java:21)
	at com.intellij.util.containers.SoftHashMap.<init>(SoftHashMap.java:44)
	at org.twodividedbyzero.idea.findbugs.resources.ResourcesLoader.<clinit>(ResourcesLoader.java:57)
	at org.twodividedbyzero.idea.findbugs.gui.settings.GeneralTab.getSearchPath(GeneralTab.java:111)
	at org.twodividedbyzero.idea.findbugs.gui.settings.SearchableOptionContributorImpl.processOptions(SearchableOptionContributorImpl.java:39)
	at com.intellij.ide.ui.search.SearchableOptionPreloader.lambda$preload$0(SearchableOptionPreloader.java:31)
	at com.intellij.openapi.extensions.impl.ExtensionProcessingHelper.forEachExtensionSafe(ExtensionProcessingHelper.java:21)
	at com.intellij.openapi.extensions.ExtensionPointName.forEachExtensionSafe(ExtensionPointName.java:50)
	at com.intellij.ide.ui.search.SearchableOptionPreloader.preload(SearchableOptionPreloader.java:31)
	at com.intellij.openapi.application.Preloader.lambda$null$1(Preloader.java:80)
	at com.intellij.openapi.progress.impl.CoreProgressManager.lambda$runProcess$2(CoreProgressManager.java:163)
	at com.intellij.openapi.progress.impl.CoreProgressManager.registerIndicatorAndRun(CoreProgressManager.java:585)
	at com.intellij.openapi.progress.impl.CoreProgressManager.executeProcessUnderProgress(CoreProgressManager.java:531)
	at com.intellij.openapi.progress.impl.ProgressManagerImpl.executeProcessUnderProgress(ProgressManagerImpl.java:59)
	at com.intellij.openapi.progress.impl.CoreProgressManager.runProcess(CoreProgressManager.java:150)
	at com.intellij.openapi.application.Preloader.lambda$null$2(Preloader.java:76)
	at com.intellij.util.concurrency.BoundedTaskExecutor.doRun(BoundedTaskExecutor.java:222)
	at com.intellij.util.concurrency.BoundedTaskExecutor.access$200(BoundedTaskExecutor.java:30)
	at com.intellij.util.concurrency.BoundedTaskExecutor$1.execute(BoundedTaskExecutor.java:201)
	at com.intellij.util.ConcurrencyUtil.runUnderThreadName(ConcurrencyUtil.java:221)
	at com.intellij.util.concurrency.BoundedTaskExecutor$1.run(BoundedTaskExecutor.java:190)
	at java.base/java.util.concurrent.ThreadPoolExecutor.runWorker(ThreadPoolExecutor.java:1128)
	at java.base/java.util.concurrent.ThreadPoolExecutor$Worker.run(ThreadPoolExecutor.java:628)
	at java.base/java.lang.Thread.run(Thread.java:834)
2021-08-31 21:28:47,228 [  20448]  ERROR - tellij.ide.SystemHealthMonitor - null 
java.lang.NullPointerException
	at com.intellij.ide.SystemHealthMonitor$4.run(SystemHealthMonitor.java:188)
	at java.base/java.util.concurrent.Executors$RunnableAdapter.call(Executors.java:515)
	at java.base/java.util.concurrent.FutureTask.run(FutureTask.java:264)
	at com.intellij.util.concurrency.SchedulingWrapper$MyScheduledFutureTask.run(SchedulingWrapper.java:217)
	at java.base/java.util.concurrent.ThreadPoolExecutor.runWorker(ThreadPoolExecutor.java:1128)
	at java.base/java.util.concurrent.ThreadPoolExecutor$Worker.run(ThreadPoolExecutor.java:628)
	at java.base/java.lang.Thread.run(Thread.java:834)
2021-08-31 21:28:47,229 [  20449]  ERROR - tellij.ide.SystemHealthMonitor - IntelliJ IDEA 2019.3.3  Build #IU-193.6494.35 
2021-08-31 21:28:47,229 [  20449]  ERROR - tellij.ide.SystemHealthMonitor - JDK: 11.0.5; VM: OpenJDK 64-Bit Server VM; Vendor: JetBrains s.r.o 
2021-08-31 21:28:47,229 [  20449]  ERROR - tellij.ide.SystemHealthMonitor - OS: Linux 
2021-08-31 21:28:47,244 [  20464]  ERROR - tellij.ide.SystemHealthMonitor - Last Action:  
2021-08-31 21:28:48,258 [  21478]  ERROR - plication.impl.ApplicationImpl - null 
java.lang.InterruptedException
	at kotlinx.coroutines.BlockingCoroutine.joinBlocking(Builders.kt:79)
	at kotlinx.coroutines.BuildersKt__BuildersKt.runBlocking(Builders.kt:54)
	at kotlinx.coroutines.BuildersKt.runBlocking(Unknown Source)
	at kotlinx.coroutines.BuildersKt__BuildersKt.runBlocking$default(Builders.kt:36)
	at kotlinx.coroutines.BuildersKt.runBlocking$default(Unknown Source)
	at org.jetbrains.settingsRepository.AutoSyncManager$autoSync$3.run(autoSync.kt:102)
	at com.intellij.openapi.application.impl.ApplicationImpl$1.run(ApplicationImpl.java:238)
	at java.base/java.util.concurrent.Executors$RunnableAdapter.call(Executors.java:515)
	at java.base/java.util.concurrent.FutureTask.run(FutureTask.java:264)
	at java.base/java.util.concurrent.ThreadPoolExecutor.runWorker(ThreadPoolExecutor.java:1128)
	at java.base/java.util.concurrent.ThreadPoolExecutor$Worker.run(ThreadPoolExecutor.java:628)
	at java.base/java.lang.Thread.run(Thread.java:834)
2021-08-31 21:28:48,258 [  21478]  ERROR - plication.impl.ApplicationImpl - IntelliJ IDEA 2019.3.3  Build #IU-193.6494.35 
2021-08-31 21:28:48,258 [  21478]  ERROR - plication.impl.ApplicationImpl - JDK: 11.0.5; VM: OpenJDK 64-Bit Server VM; Vendor: JetBrains s.r.o 
2021-08-31 21:28:48,258 [  21478]  ERROR - plication.impl.ApplicationImpl - OS: Linux 
2021-08-31 21:28:48,259 [  21479]  ERROR - plication.impl.ApplicationImpl - Last Action:  
2021-08-31 21:28:48,370 [  21590]  ERROR - llij.ide.plugins.PluginManager - Already disposed: Module: 'conecta-sales' 
java.lang.AssertionError: Already disposed: Module: 'conecta-sales'
	at com.intellij.openapi.components.impl.ComponentManagerImpl.lambda$throwAlreadyDisposed$0(ComponentManagerImpl.java:153)
	at com.intellij.openapi.application.ReadAction.lambda$run$1(ReadAction.java:64)
	at com.intellij.openapi.application.impl.ApplicationImpl.runReadAction(ApplicationImpl.java:825)
	at com.intellij.openapi.application.ReadAction.compute(ReadAction.java:71)
	at com.intellij.openapi.application.ReadAction.run(ReadAction.java:64)
	at com.intellij.openapi.components.impl.ComponentManagerImpl.throwAlreadyDisposed(ComponentManagerImpl.java:151)
	at com.intellij.openapi.components.impl.ComponentManagerImpl.getPicoContainer(ComponentManagerImpl.java:144)
	at com.intellij.serviceContainer.PlatformComponentManagerImpl.getComponent(PlatformComponentManagerImpl.kt:265)
	at org.sonarlint.intellij.util.SonarLintUtils.get(SonarLintUtils.java:84)
	at org.sonarlint.intellij.trigger.SonarLintSubmitter.filterWithServerExclusions(SonarLintSubmitter.java:175)
	at org.sonarlint.intellij.trigger.SonarLintSubmitter.filterAndGetByModule(SonarLintSubmitter.java:160)
	at org.sonarlint.intellij.trigger.SonarLintSubmitter.submitFiles(SonarLintSubmitter.java:119)
	at org.sonarlint.intellij.trigger.SonarLintSubmitter.submitFiles(SonarLintSubmitter.java:112)
	at org.sonarlint.intellij.trigger.EditorChangeTrigger$EventWatcher.triggerFile(EditorChangeTrigger.java:152)
	at org.sonarlint.intellij.trigger.EditorChangeTrigger$EventWatcher.checkTimers(EditorChangeTrigger.java:170)
	at org.sonarlint.intellij.trigger.EditorChangeTrigger$EventWatcher.run(EditorChangeTrigger.java:141)
2021-08-31 21:28:48,371 [  21591]  ERROR - llij.ide.plugins.PluginManager - IntelliJ IDEA 2019.3.3  Build #IU-193.6494.35 
2021-08-31 21:28:48,378 [  21598]  ERROR - llij.ide.plugins.PluginManager - JDK: 11.0.5; VM: OpenJDK 64-Bit Server VM; Vendor: JetBrains s.r.o 
2021-08-31 21:28:48,378 [  21598]  ERROR - llij.ide.plugins.PluginManager - OS: Linux 
2021-08-31 21:28:48,379 [  21599]  ERROR - llij.ide.plugins.PluginManager - Plugin to blame: SonarLint version: 4.5.1.15617 
